<?xml version="1.0" encoding="UTF-8"?>
<!-- Generated by org.testng.reporters.JUnitReportReporter -->
<testsuite skipped="0" hostname="namet5" name="com.ghana.app.qa.testcases.TravelInfoPageTest" tests="27" failures="0" timestamp="15 Jun 2019 06:06:13 GMT" time="89.432" errors="0">
  <testcase name="ContinueAndSaveEmergTest" time="4.904" classname="com.ghana.app.qa.testcases.TravelInfoPageTest"/>
  <testcase name="pass_State_SecRef" time="0.240" classname="com.ghana.app.qa.testcases.TravelInfoPageTest"/>
  <testcase name="pass_primary_ref_phone_numberTest" time="0.316" classname="com.ghana.app.qa.testcases.TravelInfoPageTest"/>
  <testcase name="pass_Country_SecRef" time="0.269" classname="com.ghana.app.qa.testcases.TravelInfoPageTest"/>
  <testcase name="fillPersonalPageTest" time="2.800" classname="com.ghana.app.qa.testcases.TravelInfoPageTest"/>
  <testcase name="passPrimaryRefFirstnameTest" time="0.470" classname="com.ghana.app.qa.testcases.TravelInfoPageTest"/>
  <testcase name="pass_Pincode_SecRef" time="0.243" classname="com.ghana.app.qa.testcases.TravelInfoPageTest"/>
  <testcase name="fillAddressinfoPageTest" time="7.669" classname="com.ghana.app.qa.testcases.TravelInfoPageTest"/>
  <testcase name="passTicketNumberTest" time="0.391" classname="com.ghana.app.qa.testcases.TravelInfoPageTest"/>
  <testcase name="clickOnIsApplicantPossessionRoundTicketTest" time="0.510" classname="com.ghana.app.qa.testcases.TravelInfoPageTest"/>
  <testcase name="pass_City_SecRef" time="0.306" classname="com.ghana.app.qa.testcases.TravelInfoPageTest"/>
  <testcase name="fillEmergencyPageTest" time="2.695" classname="com.ghana.app.qa.testcases.TravelInfoPageTest"/>
  <testcase name="verifyCheckBoxTest" time="0.794" classname="com.ghana.app.qa.testcases.TravelInfoPageTest"/>
  <testcase name="passDateOfDepartureTest" time="5.476" classname="com.ghana.app.qa.testcases.TravelInfoPageTest"/>
  <testcase name="clickPurpose_of_journeyTest" time="0.875" classname="com.ghana.app.qa.testcases.TravelInfoPageTest"/>
  <testcase name="pass_Primary_ref_addressTest" time="0.793" classname="com.ghana.app.qa.testcases.TravelInfoPageTest"/>
  <testcase name="pass_firstName_SecRef" time="0.312" classname="com.ghana.app.qa.testcases.TravelInfoPageTest"/>
  <testcase name="pass_Address_SecRef" time="0.606" classname="com.ghana.app.qa.testcases.TravelInfoPageTest"/>
  <testcase name="passPrimaryRefLastnameTest" time="0.486" classname="com.ghana.app.qa.testcases.TravelInfoPageTest"/>
  <testcase name="pass_primary_ref_cityTest" time="0.526" classname="com.ghana.app.qa.testcases.TravelInfoPageTest"/>
  <testcase name="signUpAndFillSignUpPage" time="56.100" classname="com.ghana.app.qa.testcases.TravelInfoPageTest"/>
  <testcase name="pass_primary_ref_stateTest" time="0.391" classname="com.ghana.app.qa.testcases.TravelInfoPageTest"/>
  <testcase name="clickOnTravelByTest" time="0.762" classname="com.ghana.app.qa.testcases.TravelInfoPageTest"/>
  <testcase name="pass_LastName_SecRef" time="0.308" classname="com.ghana.app.qa.testcases.TravelInfoPageTest"/>
  <testcase name="pass_primary_ref_pincodeTest" time="0.561" classname="com.ghana.app.qa.testcases.TravelInfoPageTest"/>
  <testcase name="pass_secondary_ref_phone_number" time="0.322" classname="com.ghana.app.qa.testcases.TravelInfoPageTest"/>
  <testcase name="pass_primary_ref_countryTest" time="0.307" classname="com.ghana.app.qa.testcases.TravelInfoPageTest"/>
</testsuite> <!-- com.ghana.app.qa.testcases.TravelInfoPageTest -->
