<?xml version="1.0" encoding="UTF-8"?>
<!-- Generated by org.testng.reporters.JUnitReportReporter -->
<testsuite skipped="0" hostname="Torenzo" name="com.ghana.app.qa.testcases.ConsulatePageFlagTest" tests="9" failures="0" timestamp="21 May 2019 05:47:22 GMT" time="118.684" errors="0">
  <testcase name="signUpAndPayment" time="45.060" classname="com.ghana.app.qa.testcases.ConsulatePageFlagTest"/>
  <testcase name="loginIntoConsulate" time="7.929" classname="com.ghana.app.qa.testcases.ConsulatePageFlagTest"/>
  <testcase name="verifyTitleOfConsulateTitle" time="0.013" classname="com.ghana.app.qa.testcases.ConsulatePageFlagTest"/>
  <testcase name="clickOnNewApplicationCN" time="20.293" classname="com.ghana.app.qa.testcases.ConsulatePageFlagTest"/>
  <testcase name="verfiyTitleOfCNDocumentVerificatonPageCN" time="0.564" classname="com.ghana.app.qa.testcases.ConsulatePageFlagTest"/>
  <testcase name="clickOnRejectAndVerifyPopText2CN" time="0.874" classname="com.ghana.app.qa.testcases.ConsulatePageFlagTest"/>
  <testcase name="verifyApplicaInRejectApplicationBucket" time="20.502" classname="com.ghana.app.qa.testcases.ConsulatePageFlagTest"/>
  <testcase name="verifyApplicationSentToRejectBucketOpens" time="0.941" classname="com.ghana.app.qa.testcases.ConsulatePageFlagTest"/>
  <testcase name="verifyCanceAndCrossButton" time="22.508" classname="com.ghana.app.qa.testcases.ConsulatePageFlagTest"/>
</testsuite> <!-- com.ghana.app.qa.testcases.ConsulatePageFlagTest -->
