<?xml version="1.0" encoding="UTF-8"?>
<!-- Generated by org.testng.reporters.JUnitReportReporter -->
<testsuite skipped="0" hostname="namet5" name="com.ghana.app.qa.testcases.PersonalInfoPageTest" tests="12" failures="0" timestamp="12 Jun 2019 08:44:12 GMT" time="89.160" errors="0">
  <testcase name="passFirstNameTest" time="2.354" classname="com.ghana.app.qa.testcases.PersonalInfoPageTest"/>
  <testcase name="getApplicationIdTest" time="0.153" classname="com.ghana.app.qa.testcases.PersonalInfoPageTest"/>
  <testcase name="fillSignUpFormTest" time="60.088" classname="com.ghana.app.qa.testcases.PersonalInfoPageTest"/>
  <testcase name="passMiddleNameTest" time="2.316" classname="com.ghana.app.qa.testcases.PersonalInfoPageTest"/>
  <testcase name="verifyPersonalInfoTest" time="2.247" classname="com.ghana.app.qa.testcases.PersonalInfoPageTest"/>
  <testcase name="clickOnGenderTest" time="2.232" classname="com.ghana.app.qa.testcases.PersonalInfoPageTest"/>
  <testcase name="selectPassExpiryDateTest" time="5.449" classname="com.ghana.app.qa.testcases.PersonalInfoPageTest"/>
  <testcase name="passPlaceOfBirthTest" time="2.232" classname="com.ghana.app.qa.testcases.PersonalInfoPageTest"/>
  <testcase name="passPassportNumberTest" time="2.307" classname="com.ghana.app.qa.testcases.PersonalInfoPageTest"/>
  <testcase name="selectPassIssueDateTest" time="5.394" classname="com.ghana.app.qa.testcases.PersonalInfoPageTest"/>
  <testcase name="passLastNameTest" time="2.229" classname="com.ghana.app.qa.testcases.PersonalInfoPageTest"/>
  <testcase name="getApplicationPageTitleTest" time="2.159" classname="com.ghana.app.qa.testcases.PersonalInfoPageTest"/>
</testsuite> <!-- com.ghana.app.qa.testcases.PersonalInfoPageTest -->
