<?xml version="1.0" encoding="UTF-8"?>
<!-- Generated by org.testng.reporters.JUnitReportReporter -->
<testsuite skipped="0" hostname="namet5" name="com.ghana.app.qa.testcases.EmergencyContactPageTest" tests="9" failures="0" timestamp="14 Jun 2019 06:54:21 GMT" time="68.454" errors="0">
  <testcase name="selectRelationTest" time="0.832" classname="com.ghana.app.qa.testcases.EmergencyContactPageTest"/>
  <testcase name="signUpAndFillSignUpPage" time="54.017" classname="com.ghana.app.qa.testcases.EmergencyContactPageTest"/>
  <testcase name="SaveAndContinueAddressInfoTest" time="0.672" classname="com.ghana.app.qa.testcases.EmergencyContactPageTest"/>
  <testcase name="emergencyProfessionDetailsTest2" time="0.791" classname="com.ghana.app.qa.testcases.EmergencyContactPageTest"/>
  <testcase name="emergencyContactDetailsTest" time="1.044" classname="com.ghana.app.qa.testcases.EmergencyContactPageTest"/>
  <testcase name="fillPersonalPageTest" time="3.530" classname="com.ghana.app.qa.testcases.EmergencyContactPageTest"/>
  <testcase name="emergencyProfessionDetailsTest1" time="1.220" classname="com.ghana.app.qa.testcases.EmergencyContactPageTest"/>
  <testcase name="fillAddressinfoPageTest" time="5.866" classname="com.ghana.app.qa.testcases.EmergencyContactPageTest"/>
  <testcase name="emergencyProfessionDetailsTest3" time="0.482" classname="com.ghana.app.qa.testcases.EmergencyContactPageTest"/>
</testsuite> <!-- com.ghana.app.qa.testcases.EmergencyContactPageTest -->
