<?xml version="1.0" encoding="UTF-8"?>
<!-- Generated by org.testng.reporters.JUnitReportReporter -->
<testsuite hostname="Torenzo" name="com.ghana.app.qa.testcases.VisaPaymentPageTest" tests="7" failures="0" timestamp="17 Sep 2019 12:50:06 GMT" time="70.611" errors="0">
  <testcase name="fillAddressinfoPageTest" time="6.504" classname="com.ghana.app.qa.testcases.VisaPaymentPageTest"/>
  <testcase name="fillPersonalPageTest" time="2.419" classname="com.ghana.app.qa.testcases.VisaPaymentPageTest"/>
  <testcase name="fillEmergencyPageTest" time="2.606" classname="com.ghana.app.qa.testcases.VisaPaymentPageTest"/>
  <testcase name="verifyClickOnSubmitBtnTest" time="22.880" classname="com.ghana.app.qa.testcases.VisaPaymentPageTest"/>
  <testcase name="signUpAndFillSignUpPage" time="29.922" classname="com.ghana.app.qa.testcases.VisaPaymentPageTest"/>
  <testcase name="documentPageTest" time="1.840" classname="com.ghana.app.qa.testcases.VisaPaymentPageTest"/>
  <testcase name="fillTravelInfoPageTest" time="4.440" classname="com.ghana.app.qa.testcases.VisaPaymentPageTest"/>
</testsuite> <!-- com.ghana.app.qa.testcases.VisaPaymentPageTest -->
