<?xml version="1.0" encoding="UTF-8"?>
<!-- Generated by org.testng.reporters.JUnitReportReporter -->
<testsuite hostname="namet5" name="com.ghana.app.qa.testcases.UploadDocPageTest" tests="7" failures="0" timestamp="5 Jul 2019 11:26:09 GMT" time="48.850" errors="0">
  <testcase name="fillTravelInfoPageTest" time="7.316" classname="com.ghana.app.qa.testcases.UploadDocPageTest"/>
  <testcase name="fillPersonalPageTest" time="2.465" classname="com.ghana.app.qa.testcases.UploadDocPageTest"/>
  <testcase name="signUpAndFillSignUpPage" time="28.328" classname="com.ghana.app.qa.testcases.UploadDocPageTest"/>
  <testcase name="getUploadDocTest" time="0.330" classname="com.ghana.app.qa.testcases.UploadDocPageTest"/>
  <testcase name="fillAddressinfoPageTest" time="6.872" classname="com.ghana.app.qa.testcases.UploadDocPageTest"/>
  <testcase name="fillEmergencyPageTest" time="2.720" classname="com.ghana.app.qa.testcases.UploadDocPageTest"/>
  <testcase name="verify_textOfUploadPage" time="0.819" classname="com.ghana.app.qa.testcases.UploadDocPageTest"/>
</testsuite> <!-- com.ghana.app.qa.testcases.UploadDocPageTest -->
