<?xml version="1.0" encoding="UTF-8"?>
<!-- Generated by org.testng.reporters.JUnitReportReporter -->
<testsuite hostname="Torenzo" name="com.ghana.app.qa.testcases.ConsulatePageApproveTest" tests="32" failures="0" timestamp="17 Sep 2019 08:50:03 GMT" time="260.189" errors="0">
  <testcase name="selectOneByOneCheckBoxAndVerifyCN" time="2.358" classname="com.ghana.app.qa.testcases.ConsulatePageApproveTest"/>
  <testcase name="selectAllCheckBoxAndVerifyCN" time="4.880" classname="com.ghana.app.qa.testcases.ConsulatePageApproveTest"/>
  <testcase name="clickOnNewApplicationCN" time="33.217" classname="com.ghana.app.qa.testcases.ConsulatePageApproveTest"/>
  <testcase name="clickOnInterviewScheduleAndcancelCN" time="9.738" classname="com.ghana.app.qa.testcases.ConsulatePageApproveTest"/>
  <testcase name="verifyApplicationSentOpens" time="11.534" classname="com.ghana.app.qa.testcases.ConsulatePageApproveTest"/>
  <testcase name="fillAddressinfoPageTest" time="6.765" classname="com.ghana.app.qa.testcases.ConsulatePageApproveTest"/>
  <testcase name="clickOnBackButtonAndVerifyTitleAddressInformationCN" time="4.001" classname="com.ghana.app.qa.testcases.ConsulatePageApproveTest"/>
  <testcase name="getTextFromApplicantInformationCN" time="4.453" classname="com.ghana.app.qa.testcases.ConsulatePageApproveTest"/>
  <testcase name="signUpAndFillSignUpPage" time="32.514" classname="com.ghana.app.qa.testcases.ConsulatePageApproveTest"/>
  <testcase name="clickOnInterviewScheduleAndCloseCN" time="9.457" classname="com.ghana.app.qa.testcases.ConsulatePageApproveTest"/>
  <testcase name="passCommentCN" time="2.771" classname="com.ghana.app.qa.testcases.ConsulatePageApproveTest"/>
  <testcase name="clickOnNextButtonAndVerifyTitleTravelInformationCN" time="1.109" classname="com.ghana.app.qa.testcases.ConsulatePageApproveTest"/>
  <testcase name="documentPageAndPaymentPageTest" time="23.427" classname="com.ghana.app.qa.testcases.ConsulatePageApproveTest"/>
  <testcase name="loginIntoConsulate" time="20.970" classname="com.ghana.app.qa.testcases.ConsulatePageApproveTest"/>
  <testcase name="fillEmergencyPageTest" time="2.926" classname="com.ghana.app.qa.testcases.ConsulatePageApproveTest"/>
  <testcase name="clickOnApproveCN" time="9.741" classname="com.ghana.app.qa.testcases.ConsulatePageApproveTest"/>
  <testcase name="clickOnAddressInforCN" time="1.155" classname="com.ghana.app.qa.testcases.ConsulatePageApproveTest"/>
  <testcase name="getTextFromAddressInformationCN" time="4.561" classname="com.ghana.app.qa.testcases.ConsulatePageApproveTest"/>
  <testcase name="verifyCanceAndCrossButton" time="22.860" classname="com.ghana.app.qa.testcases.ConsulatePageApproveTest"/>
  <testcase name="verifyTitleOfConsulateTitle" time="0.277" classname="com.ghana.app.qa.testcases.ConsulatePageApproveTest"/>
  <testcase name="clickOnNextButtonAndVerifyTitleAddressInformationCN" time="2.206" classname="com.ghana.app.qa.testcases.ConsulatePageApproveTest"/>
  <testcase name="fillTravelInfoPageTest" time="4.662" classname="com.ghana.app.qa.testcases.ConsulatePageApproveTest"/>
  <testcase name="getTextFromTravelInformationCN" time="3.041" classname="com.ghana.app.qa.testcases.ConsulatePageApproveTest"/>
  <testcase name="verfiyTitleOfCNTravelInfoPageCN" time="1.640" classname="com.ghana.app.qa.testcases.ConsulatePageApproveTest"/>
  <testcase name="clickOnApproveAndVerifyPopTextCN" time="3.367" classname="com.ghana.app.qa.testcases.ConsulatePageApproveTest"/>
  <testcase name="verfiyTitleOfCNDocumentVerificatonPageCN" time="1.208" classname="com.ghana.app.qa.testcases.ConsulatePageApproveTest"/>
  <testcase name="verifyApplicaInHCGApplicationBucket" time="17.417" classname="com.ghana.app.qa.testcases.ConsulatePageApproveTest"/>
  <testcase name="fillPersonalPageTest" time="2.772" classname="com.ghana.app.qa.testcases.ConsulatePageApproveTest"/>
  <testcase name="clickOnApproveAndVerifyPopText1CN" time="6.289" classname="com.ghana.app.qa.testcases.ConsulatePageApproveTest"/>
  <testcase name="clickOnBackButtonAndVerifyTitleTravelInformationCN" time="3.923" classname="com.ghana.app.qa.testcases.ConsulatePageApproveTest"/>
  <testcase name="clickOnBackButtonAndVerifyTitleApplicantInformationCN" time="4.000" classname="com.ghana.app.qa.testcases.ConsulatePageApproveTest"/>
  <testcase name="clickOnNextButtonAndVerifyTitleDocumentVerificationCN" time="0.950" classname="com.ghana.app.qa.testcases.ConsulatePageApproveTest"/>
</testsuite> <!-- com.ghana.app.qa.testcases.ConsulatePageApproveTest -->
