<?xml version="1.0" encoding="UTF-8"?>
<!-- Generated by org.testng.reporters.JUnitReportReporter -->
<testsuite hostname="Torenzo" name="com.ghana.app.qa.testcases.VisaCategoriesPageTest" tests="3" failures="0" timestamp="17 Sep 2019 07:20:57 GMT" time="7.204" errors="0">
  <testcase name="clickOnVisaTypeTest" time="4.348" classname="com.ghana.app.qa.testcases.VisaCategoriesPageTest"/>
  <testcase name="validateVisaPageTiltleTest" time="2.789" classname="com.ghana.app.qa.testcases.VisaCategoriesPageTest"/>
  <testcase name="getVisaCategoriesText" time="0.067" classname="com.ghana.app.qa.testcases.VisaCategoriesPageTest"/>
</testsuite> <!-- com.ghana.app.qa.testcases.VisaCategoriesPageTest -->
