<?xml version="1.0" encoding="UTF-8"?>
<!-- Generated by org.testng.reporters.JUnitReportReporter -->
<testsuite hostname="Torenzo" name="com.ghana.app.qa.testcases.ConsulatePageRejectTest" tests="27" failures="0" timestamp="5 Sep 2019 11:27:33 GMT" time="255.380" errors="0">
  <testcase name="clickOnProofOfTransitVisaCN" time="7.911" classname="com.ghana.app.qa.testcases.ConsulatePageRejectTest"/>
  <testcase name="verfiyTitleOfCNDocumentVerificatonPageCN" time="18.441" classname="com.ghana.app.qa.testcases.ConsulatePageRejectTest"/>
  <testcase name="fillAddressinfoPageTest" time="6.372" classname="com.ghana.app.qa.testcases.ConsulatePageRejectTest"/>
  <testcase name="clickOnOnPhotoCloseCN" time="3.380" classname="com.ghana.app.qa.testcases.ConsulatePageRejectTest"/>
  <testcase name="clickOnConfirmedAirTicketWindowCloseCN" time="6.920" classname="com.ghana.app.qa.testcases.ConsulatePageRejectTest"/>
  <testcase name="signUpAndFillSignUpPage" time="33.249" classname="com.ghana.app.qa.testcases.ConsulatePageRejectTest"/>
  <testcase name="clickOnCoveringLetterCN" time="7.820" classname="com.ghana.app.qa.testcases.ConsulatePageRejectTest"/>
  <testcase name="verifyTitleOfConsulateTitle" time="0.180" classname="com.ghana.app.qa.testcases.ConsulatePageRejectTest"/>
  <testcase name="clickOnRejectAndVerifyPopText2CN" time="6.975" classname="com.ghana.app.qa.testcases.ConsulatePageRejectTest"/>
  <testcase name="clickOnProofOfTransitVisaCloseCN" time="3.664" classname="com.ghana.app.qa.testcases.ConsulatePageRejectTest"/>
  <testcase name="clickOnRejectAndVerifyPopTextCN" time="4.174" classname="com.ghana.app.qa.testcases.ConsulatePageRejectTest"/>
  <testcase name="documentPageAndPaymentPageTest" time="21.359" classname="com.ghana.app.qa.testcases.ConsulatePageRejectTest"/>
  <testcase name="fillEmergencyPageTest" time="2.792" classname="com.ghana.app.qa.testcases.ConsulatePageRejectTest"/>
  <testcase name="clickOnCoveringLetterCloseCN" time="3.339" classname="com.ghana.app.qa.testcases.ConsulatePageRejectTest"/>
  <testcase name="clickOnConfirmedAirTicketWindowCN" time="11.376" classname="com.ghana.app.qa.testcases.ConsulatePageRejectTest"/>
  <testcase name="loginIntoConsulate" time="23.328" classname="com.ghana.app.qa.testcases.ConsulatePageRejectTest"/>
  <testcase name="verifyApplicaInRejectApplicationBucket" time="20.365" classname="com.ghana.app.qa.testcases.ConsulatePageRejectTest"/>
  <testcase name="fillTravelInfoPageTest" time="4.738" classname="com.ghana.app.qa.testcases.ConsulatePageRejectTest"/>
  <testcase name="clickOnIdProofReferenceCloseCN" time="5.174" classname="com.ghana.app.qa.testcases.ConsulatePageRejectTest"/>
  <testcase name="verifyCanceAndCrossButton" time="22.490" classname="com.ghana.app.qa.testcases.ConsulatePageRejectTest"/>
  <testcase name="clickOnRejectAndVerifyPopText1CN" time="6.921" classname="com.ghana.app.qa.testcases.ConsulatePageRejectTest"/>
  <testcase name="clickOnYellowFevervaccinationCN" time="7.988" classname="com.ghana.app.qa.testcases.ConsulatePageRejectTest"/>
  <testcase name="verifyApplicationSentToRejectBucketOpens" time="2.604" classname="com.ghana.app.qa.testcases.ConsulatePageRejectTest"/>
  <testcase name="clickOnOnPhotoCN" time="7.790" classname="com.ghana.app.qa.testcases.ConsulatePageRejectTest"/>
  <testcase name="fillPersonalPageTest" time="2.894" classname="com.ghana.app.qa.testcases.ConsulatePageRejectTest"/>
  <testcase name="clickOnIdProofReferenceCN" time="9.790" classname="com.ghana.app.qa.testcases.ConsulatePageRejectTest"/>
  <testcase name="clickOnYellowFevervaccinationCloseCN" time="3.346" classname="com.ghana.app.qa.testcases.ConsulatePageRejectTest"/>
</testsuite> <!-- com.ghana.app.qa.testcases.ConsulatePageRejectTest -->
