<?xml version="1.0" encoding="UTF-8"?>
<!-- Generated by org.testng.reporters.JUnitReportReporter -->
<testsuite hostname="Torenzo" name="com.ghana.app.qa.testcases.ConsulatePageFlagTest" tests="14" failures="0" timestamp="5 Sep 2019 11:19:11 GMT" time="207.315" errors="0">
  <testcase name="clickOnNewApplicationCN" time="36.714" classname="com.ghana.app.qa.testcases.ConsulatePageFlagTest"/>
  <testcase name="clickOnRejectAndVerifyPopText2CN" time="11.609" classname="com.ghana.app.qa.testcases.ConsulatePageFlagTest"/>
  <testcase name="verifyApplicationSentToRejectBucketOpens" time="4.476" classname="com.ghana.app.qa.testcases.ConsulatePageFlagTest"/>
  <testcase name="loginIntoConsulate" time="29.760" classname="com.ghana.app.qa.testcases.ConsulatePageFlagTest"/>
  <testcase name="fillAddressinfoPageTest" time="6.719" classname="com.ghana.app.qa.testcases.ConsulatePageFlagTest"/>
  <testcase name="fillTravelInfoPageTest" time="4.535" classname="com.ghana.app.qa.testcases.ConsulatePageFlagTest"/>
  <testcase name="signUpAndFillSignUpPage" time="38.536" classname="com.ghana.app.qa.testcases.ConsulatePageFlagTest"/>
  <testcase name="verfiyTitleOfCNDocumentVerificatonPageCN" time="1.124" classname="com.ghana.app.qa.testcases.ConsulatePageFlagTest"/>
  <testcase name="verifyCanceAndCrossButton" time="22.666" classname="com.ghana.app.qa.testcases.ConsulatePageFlagTest"/>
  <testcase name="verifyTitleOfConsulateTitle" time="0.223" classname="com.ghana.app.qa.testcases.ConsulatePageFlagTest"/>
  <testcase name="verifyApplicaInRejectApplicationBucket" time="20.454" classname="com.ghana.app.qa.testcases.ConsulatePageFlagTest"/>
  <testcase name="fillPersonalPageTest" time="2.533" classname="com.ghana.app.qa.testcases.ConsulatePageFlagTest"/>
  <testcase name="documentPageAndPaymentPageTest" time="25.126" classname="com.ghana.app.qa.testcases.ConsulatePageFlagTest"/>
  <testcase name="fillEmergencyPageTest" time="2.840" classname="com.ghana.app.qa.testcases.ConsulatePageFlagTest"/>
</testsuite> <!-- com.ghana.app.qa.testcases.ConsulatePageFlagTest -->
